<?xml version="1.0" encoding="UTF-8" ?>
<testsuite errors="1" failures="0" hostname="e31a8t" name="com.example.Macro3Test" tests="1" time="0.109" timestamp="2009-02-04T13:32:57">
  <properties>
    <property name="oo.unotypes.rdb" value="-XC:\Arquivos de programas\BrOffice.org 3\URE\misc\types.rdb" />
    <property name="javac.test.classpath" value="C:\Arquivos de programas\BrOffice.org 3\URE\java\juh.jar;C:\Arquivos de programas\BrOffice.org 3\URE\java\jurt.jar;C:\Arquivos de programas\BrOffice.org 3\URE\java\ridl.jar;C:\Arquivos de programas\BrOffice.org 3\Basis\program\classes\unoil.jar:build/classes:C:\Arquivos de programas\NetBeans 6.5\platform9\modules\ext\junit-4.5.jar" />
    <property name="libs.DataBindingME.src" value="" />
    <property name="libs.j2me_ant_ext.javadoc" value="" />
    <property name="org.openide.TopManager.GUI" value="true" />
    <property name="libs.theme-default.classpath" value="C:\Arquivos de programas\NetBeans 6.5\visualweb2\modules\ext\defaulttheme.jar" />
    <property name="libs.proguard.javadoc" value="" />
    <property name="libs.junit.javadoc" value="C:\Arquivos de programas\NetBeans 6.5\java2\docs\junit-3.8.2-api.zip" />
    <property name="javac.includes" value="com/example/Macro3Test.java" />
    <property name="libs.nsicom-ant-utils.src" value="" />
    <property name="libs.nokiaS80-ant-utils.javadoc" value="" />
    <property name="ant.core.lib" value="C:\Arquivos de programas\NetBeans 6.5\java2\ant\lib\ant.jar" />
    <property name="libs.swing-app-framework.src" value="" />
    <property name="libs.jakarta_slide_ant_webdav.javadoc" value="" />
    <property name="javadoc.windowtitle" value="" />
    <property name="libs.toplink.classpath" value="C:\Arquivos de programas\NetBeans 6.5\java2\modules\ext\toplink\toplink-essentials.jar;C:\Arquivos de programas\NetBeans 6.5\java2\modules\ext\toplink\toplink-essentials-agent.jar" />
    <property name="user.dir" value="C:\brant\UltimoTeste\nb\ooo\Macro_03" />
    <property name="libs.theme-default-green.classpath" value="C:\Arquivos de programas\NetBeans 6.5\visualweb2\modules\ext\defaulttheme-green.jar" />
    <property name="libs.hibernate-persistence.javadoc" value="" />
    <property name="libs.JMUnit4CLDC10.javadoc" value="C:\Arquivos de programas\NetBeans 6.5\mobility8\modules\docs\jmunit-1.2.1-api.zip" />
    <property name="java.vm.version" value="1.6.0_02-b05" />
    <property name="libs.DataBindingME.classpath" value="C:\Arquivos de programas\NetBeans 6.5\mobility8\modules\ext\netbeans_databindingme.jar" />
    <property name="libs.jstl11.maven-pom" value="" />
    <property name="libs.nsicom-ant-utils.classpath" value="C:\Arquivos de programas\NetBeans 6.5\mobility8\ant\nblib\org-netbeans-modules-j2me-cdc-project-nsicom.jar" />
    <property name="libs.MySQLDriver.classpath" value="C:\Arquivos de programas\NetBeans 6.5\ide10\modules\ext\mysql-connector-java-5.1.6-bin.jar" />
    <property name="libs.jstl11.src" value="" />
    <property name="javadoc.notree" value="false" />
    <property name="libs.DataBindingME-PIM.maven-pom" value="" />
    <property name="libs.hibernate-support.maven-pom" value="" />
    <property name="libs.hibernate-support.javadoc" value="" />
    <property name="libs.exceptionhandler-runtime.maven-pom" value="" />
    <property name="libs.NetBeans MIDP Components.maven-pom" value="" />
    <property name="jdk.home" value="C:\Arquivos de programas\Java\jdk1.6.0_02" />
    <property name="libs.javac-api.src" value="" />
    <property name="javadoc.noindex" value="false" />
    <property name="libs.theme-default-green.runtime" value="C:\Arquivos de programas\NetBeans 6.5\visualweb2\modules\ext\defaulttheme-green.jar" />
    <property name="run-sys-prop.Application-Class" value="com.example.Macro3" />
    <property name="sun.os.patch.level" value="Service Pack 2" />
    <property name="libs.theme-default-gray.runtime" value="C:\Arquivos de programas\NetBeans 6.5\visualweb2\modules\ext\defaulttheme-gray.jar" />
    <property name="java.vm.specification.name" value="Java Virtual Machine Specification" />
    <property name="libs.BrOffice.org 2.4.maven-pom" value="" />
    <property name="libs.semc-ant-utils.classpath" value="C:\Arquivos de programas\NetBeans 6.5\mobility8\modules\ext\org-netbeans-modules-j2me-cdc-project-semc.jar" />
    <property name="nb.show.statistics.ui" value="usageStatisticsEnabled" />
    <property name="libs.jsf-extensions.maven-pom" value="" />
    <property name="libs.jdbcsupport-runtime.classpath" value="C:\Arquivos de programas\NetBeans 6.5\visualweb2\modules\ext\sqlx.jar" />
    <property name="libs.nokiadeployment.classpath" value="C:\Arquivos de programas\NetBeans 6.5\mobility8\modules\org-netbeans-modules-mobility-deployment-nokia.jar" />
    <property name="have.tests" value="true" />
    <property name="libs.nokiaS80-ant-utils.maven-pom" value="" />
    <property name="libs.jdbcsupport-designtime.classpath" value="C:\Arquivos de programas\NetBeans 6.5\visualweb2\modules\ext\sqlx.jar" />
    <property name="org.xml.sax.driver" value="com.sun.org.apache.xerces.internal.jaxp.SAXParserImpl$JAXPSAXParser" />
    <property name="libs.nb_svg_midp_components.src" value="C:\Arquivos de programas\NetBeans 6.5\mobility8\sources\nb_svg_midp_components-src.zip" />
    <property name="libs.NetBeans MIDP Components WMA.src" value="C:\Arquivos de programas\NetBeans 6.5\mobility8\sources\netbeans_midp_components_wma-src.zip" />
    <property name="libs.javac-api.javadoc" value="" />
    <property name="os.name" value="Windows XP" />
    <property name="libs.beans-binding.classpath" value="C:\Arquivos de programas\NetBeans 6.5\java2\modules\ext\beansbinding-1.2.1.jar" />
    <property name="libs.DataBindingME-SVG.javadoc" value="C:\Arquivos de programas\NetBeans 6.5\mobility8\modules\docs\netbeans_databindingme_svg-api.zip" />
    <property name="libs.restapi.javadoc" value="C:\Arquivos de programas\NetBeans 6.5\enterprise5\docs\jsr311-api-doc.zip" />
    <property name="libs.JWSAntTasks.maven-pom" value="" />
    <property name="rave.build" value="thresher-fcs" />
    <property name="libs.restapi.classpath" value="C:\Arquivos de programas\NetBeans 6.5\enterprise5\modules\ext\rest\jsr311-api.jar" />
    <property name="libs.BrOffice.org 3.0.src" value="" />
    <property name="java.vendor.url.bug" value="http://java.sun.com/cgi-bin/bugreport.cgi" />
    <property name="libs.Comet-GlassFish-V3.classpath" value="C:\Arquivos de programas\glassfish-v3-prelude\glassfish\modules\grizzly-module.jar" />
    <property name="libs.nsicom-ant-utils.javadoc" value="" />
    <property name="libs.jaxb.maven-pom" value="" />
    <property name="os.arch" value="x86" />
    <property name="user.name" value="brant" />
    <property name="libs.jsf12.javadoc" value="C:\Arquivos de programas\NetBeans 6.5\enterprise5\docs\javaee5-doc-api.zip" />
    <property name="manifest.available+main.class" value="true" />
    <property name="libs.swing-layout.maven-pom" value="" />
    <property name="build.classes.dir" value="build/classes" />
    <property name="netbeans.accept_license_class" value="org.netbeans.license.AcceptLicense" />
    <property name="build.sysclasspath" value="ignore" />
    <property name="libs.jaxws21.javadoc" value="C:\Arquivos de programas\NetBeans 6.5\java2\docs\jaxws-2_1-api-doc.zip" />
    <property name="socksProxyPort" value="443" />
    <property name="includes" value="**" />
    <property name="sdk.bin.dir" value="C:\Arquivos de programas\BrOffice.org 3\Basis\sdk\bin" />
    <property name="user.country" value="BR" />
    <property name="manifest.file" value="manifest.mf" />
    <property name="libs.jstl11.javadoc" value="C:\Arquivos de programas\NetBeans 6.5\enterprise5\docs\javaee5-doc-api.zip" />
    <property name="libs.JMUnit4CLDC11.src" value="" />
    <property name="javadoc.encoding" value="" />
    <property name="javac.classpath" value="C:\Arquivos de programas\BrOffice.org 3\URE\java\juh.jar;C:\Arquivos de programas\BrOffice.org 3\URE\java\jurt.jar;C:\Arquivos de programas\BrOffice.org 3\URE\java\ridl.jar;C:\Arquivos de programas\BrOffice.org 3\Basis\program\classes\unoil.jar" />
    <property name="libs.jsfsupport-designtime.javadoc" value="C:\Arquivos de programas\NetBeans 6.5\visualweb2\docs\appbase-doc.zip;C:\Arquivos de programas\NetBeans 6.5\visualweb2\docs\dataprovider-doc.zip;C:\Arquivos de programas\NetBeans 6.5\visualweb2\docs\jsfcl-doc.zip" />
    <property name="libs.JAVADB_DRIVER_LABEL.src" value="" />
    <property name="libs.bdj-ant-utils.src" value="" />
    <property name="debug-transport" value="dt_shmem" />
    <property name="uno.main.class" value="com.example.Macro3" />
    <property name="netbeans.system_http_non_proxy_hosts" value="localhost;*.almg.uucp;*.almg.gov.br;&lt;local&gt;" />
    <property name="netbeans.home" value="C:\Arquivos de programas\NetBeans 6.5\platform9" />
    <property name="build.compiler.emacs" value="true" />
    <property name="rubyplatform.Ruby.ruby_kind" value="Ruby" />
    <property name="libs.ejb3-persistence.src" value="" />
    <property name="libs.nokiaS80-ant-utils.src" value="" />
    <property name="libs.jdbcsupport-runtime.javadoc" value="" />
    <property name="libs.cdc-pp-awt-layout.javadoc" value="" />
    <property name="libs.j2me_ant_ext.classpath" value="C:\Arquivos de programas\NetBeans 6.5\mobility8\modules\org-netbeans-modules-mobility-antext.jar;C:\Arquivos de programas\NetBeans 6.5\ide10\modules\org-netbeans-modules-classfile.jar" />
    <property name="java.endorsed.dirs" value="C:\Arquivos de programas\Java\jdk1.6.0_02\jre\lib\endorsed" />
    <property name="libs.groovy-all.src" value="" />
    <property name="test.includes" value="com/example/Macro3Test.java" />
    <property name="netbeans.dynamic.classpath" value="C:\Arquivos de programas\NetBeans 6.5\platform9\core\core.jar;C:\Arquivos de programas\NetBeans 6.5\platform9\core\org-openide-filesystems.jar;C:\Arquivos de programas\NetBeans 6.5\platform9\core\locale\core_ja.jar;C:\Arquivos de programas\NetBeans 6.5\platform9\core\locale\core_pt_BR.jar;C:\Arquivos de programas\NetBeans 6.5\platform9\core\locale\core_zh_CN.jar;C:\Arquivos de programas\NetBeans 6.5\platform9\core\locale\org-openide-filesystems_ja.jar;C:\Arquivos de programas\NetBeans 6.5\platform9\core\locale\org-openide-filesystems_pt_BR.jar;C:\Arquivos de programas\NetBeans 6.5\platform9\core\locale\org-openide-filesystems_zh_CN.jar;C:\Arquivos de programas\NetBeans 6.5\nb6.5\core\org-netbeans-upgrader.jar;C:\Arquivos de programas\NetBeans 6.5\nb6.5\core\locale\core_nb.jar;C:\Arquivos de programas\NetBeans 6.5\nb6.5\core\locale\core_nb_ja.jar;C:\Arquivos de programas\NetBeans 6.5\nb6.5\core\locale\core_nb_pt_BR.jar;C:\Arquivos de programas\NetBeans 6.5\nb6.5\core\locale\core_nb_zh_CN.jar;C:\Arquivos de programas\NetBeans 6.5\nb6.5\core\locale\org-netbeans-upgrader_ja.jar;C:\Arquivos de programas\NetBeans 6.5\nb6.5\core\locale\org-netbeans-upgrader_pt_BR.jar;C:\Arquivos de programas\NetBeans 6.5\nb6.5\core\locale\org-netbeans-upgrader_zh_CN.jar" />
    <property name="libs.cdc-agui-swing-layout.maven-pom" value="" />
    <property name="libs.cdc-pp-awt-layout.src" value="C:\Arquivos de programas\NetBeans 6.5\mobility8\sources\cdc-pp-awt-layout-src.zip" />
    <property name="java.vm.specification.version" value="1.0" />
    <property name="libs.jakarta_slide_ant_webdav.src" value="" />
    <property name="libs.sjmc-ant-utils.maven-pom" value="" />
    <property name="libs.groovy-all.maven-pom" value="" />
    <property name="libs.JMUnit4CLDC10.maven-pom" value="" />
    <property name="ant.file.Macro3-uno-impl" value="C:\brant\UltimoTeste\nb\ooo\Macro_03\nbproject\build-uno-impl.xml" />
    <property name="org.glassfish.v3.installRoot" value="C:\Arquivos de programas\glassfish-v3-prelude" />
    <property name="platforms.JDK_1.6.home" value="C:\Arquivos de programas\Java\jdk1.6.0_02" />
    <property name="libs.hibernate-persistence.classpath" value="C:\Arquivos de programas\NetBeans 6.5\java2\modules\ext\hibernate\antlr-2.7.6.jar;C:\Arquivos de programas\NetBeans 6.5\java2\modules\ext\hibernate\asm.jar;C:\Arquivos de programas\NetBeans 6.5\java2\modules\ext\hibernate\asm-attrs.jar;C:\Arquivos de programas\NetBeans 6.5\java2\modules\ext\hibernate\cglib-2.1.3.jar;C:\Arquivos de programas\NetBeans 6.5\java2\modules\ext\hibernate\commons-collections-2.1.1.jar;C:\Arquivos de programas\NetBeans 6.5\ide10\modules\ext\commons-logging-1.1.jar;C:\Arquivos de programas\NetBeans 6.5\java2\modules\ext\hibernate\dom4j-1.6.1.jar;C:\Arquivos de programas\NetBeans 6.5\java2\modules\ext\hibernate\ehcache-1.2.3.jar;C:\Arquivos de programas\NetBeans 6.5\java2\modules\ext\hibernate\jdbc2_0-stdext.jar;C:\Arquivos de programas\NetBeans 6.5\java2\modules\ext\hibernate\jta.jar;C:\Arquivos de programas\NetBeans 6.5\java2\modules\ext\hibernate\hibernate3.jar;C:\Arquivos de programas\NetBeans 6.5\java2\modules\ext\hibernate\hibernate-tools.jar;C:\Arquivos de programas\NetBeans 6.5\java2\modules\ext\hibernate\hibernate-annotations.jar;C:\Arquivos de programas\NetBeans 6.5\java2\modules\ext\hibernate\hibernate-commons-annotations.jar;C:\Arquivos de programas\NetBeans 6.5\java2\modules\ext\hibernate\hibernate-entitymanager.jar;C:\Arquivos de programas\NetBeans 6.5\java2\modules\ext\hibernate\javassist.jar;C:\Arquivos de programas\NetBeans 6.5\java2\modules\ext\hibernate\ejb3-persistence.jar" />
    <property name="libs.jaxws21.src" value="" />
    <property name="platforms.Sun_Java_TM__Wireless_Toolkit_2_5_2_for_CLDC.preverifycommandline" value="" />
    <property name="libs.swing-app-framework.classpath" value="C:\Arquivos de programas\NetBeans 6.5\java2\modules\ext\appframework-1.0.3.jar;C:\Arquivos de programas\NetBeans 6.5\java2\modules\ext\swing-worker-1.1.jar" />
    <property name="libs.jakarta_slide_ant_webdav.classpath" value="C:\Arquivos de programas\NetBeans 6.5\mobility8\modules\ext\commons-httpclient-3.0.1.jar;C:\Arquivos de programas\NetBeans 6.5\ide10\modules\ext\commons-logging-1.1.jar;C:\Arquivos de programas\NetBeans 6.5\mobility8\modules\ext\jdom-1.0.jar;C:\Arquivos de programas\NetBeans 6.5\mobility8\modules\ext\jakarta-slide-webdavlib-2.1.jar;C:\Arquivos de programas\NetBeans 6.5\mobility8\modules\ext\jakarta-slide-ant-webdav-2.1.jar" />
    <property name="org.netbeans.core.startup.specialResource" value="nullcom.sun.jdo.api.persistence.mapping.ejb" />
    <property name="java.vendor" value="Sun Microsystems Inc." />
    <property name="platforms.JDK_1.6.compiler" value="modern" />
    <property name="libs.JMUnit4CLDC10.src" value="" />
    <property name="javac.debug" value="true" />
    <property name="libs.BrOffice.org 2.4.src" value="" />
    <property name="javadoc.splitindex" value="true" />
    <property name="run-sys-prop.com.sun.star.lib.loader.unopath" value="C:\Arquivos de programas\BrOffice.org 3/program" />
    <property name="file.separator" value="\" />
    <property name="libs.IdentityAntTasks.src" value="" />
    <property name="libs.ActiveSync.classpath" value="C:\Arquivos de programas\NetBeans 6.5\mobility8\modules\ext\nbactivesync-5.0.jar" />
    <property name="platforms.Sun_Java_TM__Wireless_Toolkit_2_5_2_for_CLDC.home" value="C:\Arquivos de programas\NetBeans 6.5\mobility8\WTK2.5.2" />
    <property name="libs.junit_4.maven-pom" value="" />
    <property name="netbeans.buildnumber" value="200811100001" />
    <property name="libs.JWSAntTasks.javadoc" value="" />
    <property name="user.variant" value="" />
    <property name="libs.webui-runtime.classpath" value="C:\Arquivos de programas\NetBeans 6.5\visualweb2\modules\ext\webui.jar;C:\Arquivos de programas\NetBeans 6.5\enterprise5\modules\ext\commons-fileupload-1.0.jar" />
    <property name="sun.java.launcher" value="SUN_STANDARD" />
    <property name="libs.junit.classpath" value="C:\Arquivos de programas\NetBeans 6.5\java2\modules\ext\junit-3.8.2.jar" />
    <property name="libs.jaxb.javadoc" value="" />
    <property name="libs.struts.classpath" value="C:\Arquivos de programas\NetBeans 6.5\enterprise5\modules\ext\struts\antlr.jar;C:\Arquivos de programas\NetBeans 6.5\enterprise5\modules\ext\struts\commons-beanutils.jar;C:\Arquivos de programas\NetBeans 6.5\enterprise5\modules\ext\struts\commons-digester.jar;C:\Arquivos de programas\NetBeans 6.5\enterprise5\modules\ext\struts\commons-logging.jar;C:\Arquivos de programas\NetBeans 6.5\enterprise5\modules\ext\struts\commons-validator.jar;C:\Arquivos de programas\NetBeans 6.5\enterprise5\modules\ext\struts\jakarta-oro.jar;C:\Arquivos de programas\NetBeans 6.5\enterprise5\modules\ext\struts\struts.jar;C:\Arquivos de programas\NetBeans 6.5\enterprise5\modules\ext\commons-fileupload-1.0.jar" />
    <property name="libs.woodstock-theme-default.classpath" value="C:\Arquivos de programas\NetBeans 6.5\visualweb2\modules\ext\webui-jsf-suntheme.jar" />
    <property name="org.openide.awt.SwingBrowserImpl.do-not-block-awt" value="false" />
    <property name="javac.includes.binary" value="" />
    <property name="ant.home" value="C:\Arquivos de programas\NetBeans 6.5\java2\ant" />
    <property name="libs.junit_4.src" value="C:\Arquivos de programas\NetBeans 6.5\java2\docs\junit-4.5-src.jar" />
    <property name="libs.ricoh-ant-utils.maven-pom" value="" />
    <property name="exclude.office.jars" value="juh.jar jurt.jar officebean.jar ridl.jar unoil.jar" />
    <property name="libs.absolutelayout.maven-pom" value="" />
    <property name="ant.java.version" value="1.6" />
    <property name="java.library.path" value="C:\Arquivos de programas\Java\jdk1.6.0_02\jre\bin;.;C:\WINDOWS\Sun\Java\bin;C:\WINDOWS\system32;C:\WINDOWS;C:\Arquivos de programas\7-Zip;C:\ruby\bin;C:\Arquivos de programas\Borland\Delphi7\Bin;C:\Arquivos de programas\Borland\Delphi7\Projects\Bpl\;C:\WINDOWS\system32;C:\WINDOWS;C:\WINDOWS\System32\Wbem;C:\Arquivos de programas\Arquivos comuns\Roxio Shared\DLLShared\;C:\Oracle\product\10.1.0\Client_1\BIN;C:\cygwin\bin;C:\SEARCH\bin;C:\SEARCH\CLIENT;C:\SEARCH\bin;C:\SEARCH\CLIENT;C:\Arquivos de programas\Arquivos comuns\Adobe\AGL;C:\Arquivos de programas\Java\jdk1.6.0_02\bin;C:\Arquivos de programas\CollabNet Subversion;C:\Arquivos de programas\7-Zip;C:\Arquivos de programas\Borland\Delphi7\Bin;C:\Arquivos de programas\Borland\Delphi7\Projects\Bpl\;C:\WINDOWS\system32;C:\WINDOWS;C:\WINDOWS\System32\Wbem;C:\Arquivos de programas\Arquivos comuns\Roxio Shared\DLLShared\;C:\Arquivos de programas\Java\jre1.6.0_02\bin;C:\Oracle\product\10.1.0\Client_1\BIN;C:\cygwin\bin;C:\SEARCH\bin;C:\SEARCH\CLIENT;C:\SEARCH\bin;C:\SEARCH\CLIENT;C:\Arquivos de programas\Arquivos comuns\Adobe\AGL;C:\Arquivos de programas\CollabNet Subversion;C:\Cygwin\bin;C:\Cygwin\usr\bin;c:\cygwin\usr\X11R6\bin;C:\Arquivos de programas\CollabNet Subversion" />
    <property name="javadoc.author" value="false" />
    <property name="libs.IdentityAntTasks.classpath" value="C:\Arquivos de programas\NetBeans 6.5\identity2\ant\nblib\org-netbeans-modules-identity-ant.jar;C:\Arquivos de programas\NetBeans 6.5\identity2\modules\org-netbeans-modules-identity-profile-api.jar" />
    <property name="office.home.dir" value="C:\Arquivos de programas\BrOffice.org 3" />
    <property name="java.util.logging.config.class" value="org.netbeans.core.startup.TopLogging" />
    <property name="https.proxyPort" value="443" />
    <property name="libs.PostgreSQLDriver.src" value="" />
    <property name="sun.arch.data.model" value="32" />
    <property name="basedir" value="C:\brant\UltimoTeste\nb\ooo\Macro_03" />
    <property name="libs.ActiveSync.src" value="" />
    <property name="jar.compress" value="false" />
    <property name="libs.NetBeans MIDP Components PDA.src" value="C:\Arquivos de programas\NetBeans 6.5\mobility8\sources\netbeans_midp_components_pda-src.zip" />
    <property name="libs.BrOffice.org 2.3.javadoc" value="C:\ooSdk\docs\common\ref;C:\ooSdk\docs\java\ref" />
    <property name="libs.jstl11.classpath" value="C:\Arquivos de programas\NetBeans 6.5\enterprise5\modules\ext\standard.jar;C:\Arquivos de programas\NetBeans 6.5\enterprise5\modules\ext\jstl.jar" />
    <property name="path.separator" value=";" />
    <property name="office.tool.path" value="C:\Arquivos de programas\BrOffice.org 3\program;C:\Arquivos de programas\BrOffice.org 3\Basis\sdk\bin;C:\Arquivos de programas\BrOffice.org 3\Basis\program;C:\Arquivos de programas\BrOffice.org 3\URE\bin" />
    <property name="com.sun.aas.installRoot" value="C:\Arquivos de programas\glassfish-v2ur2" />
    <property name="sun.io.unicode.encoding" value="UnicodeLittle" />
    <property name="libs.semc-ant-utils.javadoc" value="" />
    <property name="libs.jaxws21.classpath" value="C:\Arquivos de programas\NetBeans 6.5\ide10\modules\ext\jaxb\activation.jar;C:\Arquivos de programas\NetBeans 6.5\ide10\modules\ext\jaxb\api\jaxb-api.jar;C:\Arquivos de programas\NetBeans 6.5\ide10\modules\ext\jaxb\jaxb-impl.jar;C:\Arquivos de programas\NetBeans 6.5\ide10\modules\ext\jaxb\jaxb-xjc.jar;C:\Arquivos de programas\NetBeans 6.5\ide10\modules\ext\jaxb\api\jsr173_api.jar;C:\Arquivos de programas\NetBeans 6.5\java2\modules\ext\jaxws21\FastInfoset.jar;C:\Arquivos de programas\NetBeans 6.5\java2\modules\ext\jaxws21\http.jar;C:\Arquivos de programas\NetBeans 6.5\java2\modules\ext\jaxws21\api\jaxws-api.jar;C:\Arquivos de programas\NetBeans 6.5\java2\modules\ext\jaxws21\jaxws-rt.jar;C:\Arquivos de programas\NetBeans 6.5\java2\modules\ext\jaxws21\jaxws-tools.jar;C:\Arquivos de programas\NetBeans 6.5\java2\modules\ext\jaxws21\api\jsr181-api.jar;C:\Arquivos de programas\NetBeans 6.5\java2\modules\ext\jaxws21\api\jsr250-api.jar;C:\Arquivos de programas\NetBeans 6.5\java2\modules\ext\jaxws21\mimepull.jar;C:\Arquivos de programas\NetBeans 6.5\java2\modules\ext\jaxws21\resolver.jar;C:\Arquivos de programas\NetBeans 6.5\java2\modules\ext\jaxws21\api\saaj-api.jar;C:\Arquivos de programas\NetBeans 6.5\java2\modules\ext\jaxws21\saaj-impl.jar;C:\Arquivos de programas\NetBeans 6.5\java2\modules\ext\jaxws21\sjsxp.jar;C:\Arquivos de programas\NetBeans 6.5\java2\modules\ext\jaxws21\stax-ex.jar;C:\Arquivos de programas\NetBeans 6.5\java2\modules\ext\jaxws21\streambuffer.jar" />
    <property name="libs.BrOffice.org 2.3.src" value="" />
    <property name="libs.struts.src" value="" />
    <property name="ure.bin.dir" value="C:\Arquivos de programas\BrOffice.org 3\URE\bin" />
    <property name="user.language" value="pt" />
    <property name="libs.dojo.scriptpath" value="C:\Arquivos de programas\NetBeans 6.5\webcommon1\modules\ext\javascript\dojo-1.1.1.zip" />
    <property name="libs.BrOffice.org 3.0.maven-pom" value="" />
    <property name="libs.spring-framework.classpath" value="C:\Arquivos de programas\NetBeans 6.5\ide10\modules\ext\commons-logging-1.1.jar;C:\Arquivos de programas\NetBeans 6.5\java2\modules\ext\cglib-2.2.jar;C:\Arquivos de programas\NetBeans 6.5\java2\modules\ext\spring\spring-2.5.jar" />
    <property name="manifest.available" value="true" />
    <property name="run.test.classpath" value="C:\Arquivos de programas\BrOffice.org 3\URE\java\juh.jar;C:\Arquivos de programas\BrOffice.org 3\URE\java\jurt.jar;C:\Arquivos de programas\BrOffice.org 3\URE\java\ridl.jar;C:\Arquivos de programas\BrOffice.org 3\Basis\program\classes\unoil.jar:build/classes:C:\Arquivos de programas\NetBeans 6.5\platform9\modules\ext\junit-4.5.jar:build/test/classes" />
    <property name="useJavaUtilZip" value="true" />
    <property name="ant.file.Macro3" value="C:\brant\UltimoTeste\nb\ooo\Macro_03\build.xml" />
    <property name="libs.swing-layout.javadoc" value="C:\Arquivos de programas\NetBeans 6.5\platform9\docs\swing-layout-1.0.3-doc.zip" />
    <property name="rubyplatform.Ruby.interpreter" value="C:\ruby\bin\ruby.exe" />
    <property name="libs.swing-app-framework.javadoc" value="C:\Arquivos de programas\NetBeans 6.5\java2\docs\appframework-1.0.3-doc.zip" />
    <property name="libs.ejb3-persistence.maven-pom" value="" />
    <property name="libs.proguard.classpath" value="C:\Arquivos de programas\NetBeans 6.5\mobility8\external\proguard\proguard4.2.jar" />
    <property name="libs.DataBindingME-SVG.classpath" value="C:\Arquivos de programas\NetBeans 6.5\mobility8\modules\ext\netbeans_databindingme_svg.jar" />
    <property name="https.nonProxyHosts" value="localhost*|*.almg.uucp|*.almg.gov.br|&lt;local&gt;*|localhost|127.0.0.1|e31a8t" />
    <property name="libs.PostgreSQLDriver.maven-pom" value="" />
    <property name="java.class.version" value="50.0" />
    <property name="libs.JAVADB_DRIVER_LABEL.classpath" value="C:\Arquivos de programas\glassfish-v2ur2\javadb\lib\derby.jar;C:\Arquivos de programas\glassfish-v2ur2\javadb\lib\derbyclient.jar;C:\Arquivos de programas\glassfish-v2ur2\javadb\lib\derbynet.jar" />
    <property name="build.uno.version" value="2.0.3" />
    <property name="libs.cdc-ant-utils.classpath" value="C:\Arquivos de programas\NetBeans 6.5\mobility8\modules\ext\org-netbeans-modules-j2me-cdc-project.jar" />
    <property name="netbeans.system_http_proxy" value="proxy:443" />
    <property name="libs.NetBeans MIDP Components WMA.maven-pom" value="" />
    <property name="user.properties.file" value="C:\Documents and Settings\brant.REDE\.netbeans\6.5\build.properties" />
    <property name="platforms.Sun_Java_TM__Wireless_Toolkit_2_5_2_for_CLDC.runcommandline" value="" />
    <property name="libs.EclipseLink-GlassFish-V3.classpath" value="C:\Arquivos de programas\glassfish-v3-prelude\glassfish\modules\org.eclipse.persistence.antlr.jar;C:\Arquivos de programas\glassfish-v3-prelude\glassfish\modules\org.eclipse.persistence.asm.jar;C:\Arquivos de programas\glassfish-v3-prelude\glassfish\modules\org.eclipse.persistence.core.jar;C:\Arquivos de programas\glassfish-v3-prelude\glassfish\modules\org.eclipse.persistence.jpa.jar;C:\Arquivos de programas\glassfish-v3-prelude\glassfish\modules\org.eclipse.persistence.oracle.jar;C:\Arquivos de programas\glassfish-v3-prelude\glassfish\modules\javax.persistence.jar" />
    <property name="libs.spring-framework.src" value="" />
    <property name="libs.javac-api.maven-pom" value="" />
    <property name="file.encoding.pkg" value="sun.io" />
    <property name="sun.cpu.endian" value="little" />
    <property name="libs.JWSAntTasks.classpath" value="C:\Arquivos de programas\NetBeans 6.5\java2\ant\extra\org-netbeans-modules-javawebstart-anttasks.jar" />
    <property name="libs.ant-contrib.classpath" value="C:\Arquivos de programas\NetBeans 6.5\mobility8\modules\ext\ant-contrib-1.0b3.jar" />
    <property name="rubyplatform.Ruby.ruby_lib_dir" value="C:/ruby/lib/ruby/1.8" />
    <property name="libs.BrOffice.org 2.3.maven-pom" value="" />
    <property name="libs.jsfsupport-designtime.classpath" value="C:\Arquivos de programas\NetBeans 6.5\visualweb2\modules\ext\jsfcl.jar;C:\Arquivos de programas\NetBeans 6.5\visualweb2\modules\ext\appbase.jar;C:\Arquivos de programas\NetBeans 6.5\visualweb2\modules\ext\dataprovider.jar;C:\Arquivos de programas\NetBeans 6.5\visualweb2\modules\ext\sqlx.jar" />
    <property name="libs.scriptaculous.scriptpath" value="C:\Arquivos de programas\NetBeans 6.5\webcommon1\modules\ext\javascript\scriptaculous-js-1.8.1.zip" />
    <property name="version-output" value="java version &quot;1.6" />
    <property name="libs.BrOffice.org 3.0.javadoc" value="C:\Arquivos de programas\BrOffice.org 3\Basis\sdk\docs\common\ref;C:\Arquivos de programas\BrOffice.org 3\Basis\sdk\docs\java\ref" />
    <property name="javadoc.preview" value="true" />
    <property name="rubyplatform.Ruby.gem_home" value="C:\ruby\lib\ruby\gems\1.8" />
    <property name="nbplatform.default.harness.dir" value="C:\Arquivos de programas\NetBeans 6.5/harness" />
    <property name="java.home" value="C:\Arquivos de programas\Java\jdk1.6.0_02\jre" />
    <property name="libs.ricoh-ant-utils.src" value="" />
    <property name="libs.spring-webmvc.src" value="" />
    <property name="libs.ant-contrib.javadoc" value="" />
    <property name="debug.test.classpath" value="C:\Arquivos de programas\BrOffice.org 3\URE\java\juh.jar;C:\Arquivos de programas\BrOffice.org 3\URE\java\jurt.jar;C:\Arquivos de programas\BrOffice.org 3\URE\java\ridl.jar;C:\Arquivos de programas\BrOffice.org 3\Basis\program\classes\unoil.jar:build/classes:C:\Arquivos de programas\NetBeans 6.5\platform9\modules\ext\junit-4.5.jar:build/test/classes" />
    <property name="netbeans.importclass" value="org.netbeans.upgrade.AutoUpgrade" />
    <property name="libs.webui-designtime.src" value="C:\Arquivos de programas\NetBeans 6.5\visualweb2\docs\webui-src.zip" />
    <property name="org.openide.TopManager" value="org.netbeans.core.NonGui" />
    <property name="libs.savaje-ant-utils.classpath" value="C:\Arquivos de programas\NetBeans 6.5\mobility8\modules\ext\org-netbeans-modules-j2me-cdc-project-savaje.jar" />
    <property name="libs.toplink.maven-pom" value="" />
    <property name="libs.DataBindingME.maven-pom" value="" />
    <property name="libs.PostgreSQLDriver.javadoc" value="" />
    <property name="libs.restlib.classpath" value="C:\Arquivos de programas\NetBeans 6.5\enterprise5\modules\ext\rest\jersey.jar;C:\Arquivos de programas\NetBeans 6.5\enterprise5\modules\ext\rest\http.jar;C:\Arquivos de programas\NetBeans 6.5\enterprise5\modules\ext\rest\wadl2java.jar;C:\Arquivos de programas\NetBeans 6.5\enterprise5\modules\ext\rest\rome-0.9.jar;C:\Arquivos de programas\NetBeans 6.5\enterprise5\modules\ext\rest\jdom-1.0.jar;C:\Arquivos de programas\NetBeans 6.5\enterprise5\modules\ext\rest\jettison-1.0-RC1.jar;C:\Arquivos de programas\NetBeans 6.5\enterprise5\modules\ext\rest\asm-3.1.jar;C:\Arquivos de programas\NetBeans 6.5\enterprise5\modules\ext\rest\grizzly-servlet-webserver-1.7.3.2.jar;C:\Arquivos de programas\NetBeans 6.5\enterprise5\modules\ext\rest\jersey-spring.jar;C:\Arquivos de programas\NetBeans 6.5\ide10\modules\ext\jaxb\activation.jar;C:\Arquivos de programas\NetBeans 6.5\ide10\modules\ext\jaxb\api\jaxb-api.jar;C:\Arquivos de programas\NetBeans 6.5\ide10\modules\ext\jaxb\jaxb-impl.jar;C:\Arquivos de programas\NetBeans 6.5\ide10\modules\ext\jaxb\jaxb-xjc.jar;C:\Arquivos de programas\NetBeans 6.5\ide10\modules\ext\jaxb\api\jsr173_api.jar" />
    <property name="libs.exceptionhandler-runtime.javadoc" value="" />
    <property name="libs.JMUnit4CLDC11.javadoc" value="C:\Arquivos de programas\NetBeans 6.5\mobility8\modules\docs\jmunit-1.2.1-api.zip" />
    <property name="libs.nsicom-ant-utils.maven-pom" value="" />
    <property name="libs.jsfsupport-runtime.classpath" value="C:\Arquivos de programas\NetBeans 6.5\visualweb2\modules\ext\jsfcl.jar;C:\Arquivos de programas\NetBeans 6.5\visualweb2\modules\ext\appbase.jar;C:\Arquivos de programas\NetBeans 6.5\visualweb2\modules\ext\dataprovider.jar;C:\Arquivos de programas\NetBeans 6.5\visualweb2\modules\ext\sqlx.jar" />
    <property name="libs.MySQLDriver.maven-pom" value="" />
    <property name="libs.Comet-GlassFish-V3.src" value="" />
    <property name="libs.savaje-ant-utils.src" value="" />
    <property name="http.nonProxyHosts" value="localhost*|*.almg.uucp|*.almg.gov.br|&lt;local&gt;*|localhost|127.0.0.1|e31a8t" />
    <property name="libs.junit_4.javadoc" value="C:\Arquivos de programas\NetBeans 6.5\java2\docs\junit-4.5-api.zip" />
    <property name="libs.spring-webmvc.javadoc" value="" />
    <property name="libs.toplink.src" value="" />
    <property name="libs.cdc-pp-awt-layout.classpath" value="C:\Arquivos de programas\NetBeans 6.5\mobility8\modules\ext\cdc-pp-awt-layout.jar" />
    <property name="rubyplatform.Ruby.ruby_release_date" value="2007-03-13" />
    <property name="libs.webui.javadoc" value="C:\Arquivos de programas\NetBeans 6.5\visualweb2\docs\webui-doc.zip" />
    <property name="libs.cdc-agui-swing-layout.src" value="C:\Arquivos de programas\NetBeans 6.5\mobility8\sources\cdc-agui-swing-layout-src.zip" />
    <property name="libs.jsf12-support.javadoc" value="C:\Arquivos de programas\NetBeans 6.5\visualweb2\docs\appbase-doc.zip;C:\Arquivos de programas\NetBeans 6.5\visualweb2\docs\dataprovider-doc.zip;C:\Arquivos de programas\NetBeans 6.5\visualweb2\docs\jsfcl-doc.zip" />
    <property name="run.classpath" value="C:\Arquivos de programas\BrOffice.org 3\URE\java\juh.jar;C:\Arquivos de programas\BrOffice.org 3\URE\java\jurt.jar;C:\Arquivos de programas\BrOffice.org 3\URE\java\ridl.jar;C:\Arquivos de programas\BrOffice.org 3\Basis\program\classes\unoil.jar:build/classes" />
    <property name="libs.hibernate-support.src" value="" />
    <property name="libs.theme-default.runtime" value="C:\Arquivos de programas\NetBeans 6.5\visualweb2\modules\ext\defaulttheme.jar" />
    <property name="oo.version.number" value="three" />
    <property name="libs.JMUnit4CLDC11.classpath" value="C:\Arquivos de programas\NetBeans 6.5\mobility8\modules\ext\jmunit4cldc11-1.2.1.jar" />
    <property name="http.proxyHost" value="proxy" />
    <property name="libs.nb_svg_midp_components.classpath" value="C:\Arquivos de programas\NetBeans 6.5\mobility8\modules\ext\nb_svg_midp_components.jar" />
    <property name="libs.NetBeans MIDP Components PDA.classpath" value="C:\Arquivos de programas\NetBeans 6.5\mobility8\modules\ext\netbeans_midp_components_pda.jar" />
    <property name="libs.semc-ant-utils.maven-pom" value="" />
    <property name="libs.jdbcsupport-runtime.maven-pom" value="" />
    <property name="libs.nokiadeployment.maven-pom" value="" />
    <property name="libs.restapi.src" value="" />
    <property name="libs.NetBeans MIDP Components.javadoc" value="C:\Arquivos de programas\NetBeans 6.5\mobility8\modules\docs\netbeans_midp_components_basic-api.zip" />
    <property name="sun.management.compiler" value="HotSpot Client Compiler" />
    <property name="javac.deprecation" value="false" />
    <property name="javadoc.use" value="true" />
    <property name="libs.jdbcsupport-runtime.src" value="" />
    <property name="libs.jdbcsupport-designtime.maven-pom" value="" />
    <property name="libs.theme-default-gray.classpath" value="C:\Arquivos de programas\NetBeans 6.5\visualweb2\modules\ext\defaulttheme-gray.jar" />
    <property name="sun.java2d.noddraw" value="true" />
    <property name="oo.offapi.rdb" value="-XC:\Arquivos de programas\BrOffice.org 3\Basis\program\offapi.rdb" />
    <property name="platforms.Sun_Java_TM__Wireless_Toolkit_2_5_2_for_CLDC.type" value="UEI-1.0.1" />
    <property name="libs.spring-webmvc.classpath" value="C:\Arquivos de programas\NetBeans 6.5\enterprise5\modules\ext\spring\spring-webmvc-2.5.jar" />
    <property name="javac.compilerargs" value="" />
    <property name="ant.file" value="C:\brant\UltimoTeste\nb\ooo\Macro_03\build.xml" />
    <property name="libs.beans-binding.maven-pom" value="" />
    <property name="libs.bdj-ant-utils.classpath" value="C:\Arquivos de programas\NetBeans 6.5\mobility8\modules\ext\org-netbeans-modules-j2me-cdc-project-bdj.jar;C:\Arquivos de programas\NetBeans 6.5\mobility8\modules\ext\security.jar;C:\Arquivos de programas\NetBeans 6.5\mobility8\modules\ext\bdjo.jar;C:\Arquivos de programas\NetBeans 6.5\mobility8\modules\ext\bcprov-jdk15-139.jar" />
    <property name="libs.jsf12.classpath" value="C:\Arquivos de programas\NetBeans 6.5\enterprise5\modules\ext\jsf-1_2\commons-beanutils.jar;C:\Arquivos de programas\NetBeans 6.5\enterprise5\modules\ext\jsf-1_2\commons-collections.jar;C:\Arquivos de programas\NetBeans 6.5\enterprise5\modules\ext\jsf-1_2\commons-digester.jar;C:\Arquivos de programas\NetBeans 6.5\enterprise5\modules\ext\jsf-1_2\commons-logging.jar;C:\Arquivos de programas\NetBeans 6.5\enterprise5\modules\ext\jsf-1_2\jsf-api.jar;C:\Arquivos de programas\NetBeans 6.5\enterprise5\modules\ext\jsf-1_2\jsf-impl.jar" />
    <property name="sun.awt.exception.handler" value="org.netbeans.core.startup.TopLogging$AWTHandler" />
    <property name="libs.restapi.maven-pom" value="" />
    <property name="libs.beans-binding.src" value="" />
    <property name="libs.Comet-GlassFish-V3.maven-pom" value="" />
    <property name="libs.NetBeans MIDP Components PDA.javadoc" value="C:\Arquivos de programas\NetBeans 6.5\mobility8\modules\docs\netbeans_midp_components_pda-api.zip" />
    <property name="java.vm.specification.vendor" value="Sun Microsystems Inc." />
    <property name="libs.DataBindingME-PIM.javadoc" value="C:\Arquivos de programas\NetBeans 6.5\mobility8\modules\docs\netbeans_databindingme_pim-api.zip" />
    <property name="libs.swing-layout.src" value="C:\Arquivos de programas\NetBeans 6.5\platform9\docs\swing-layout-1.0.3-src.zip" />
    <property name="libs.webui.src" value="C:\Arquivos de programas\NetBeans 6.5\visualweb2\docs\webui-src.zip" />
    <property name="libs.j2me_ant_ext.src" value="" />
    <property name="org.openide.major.version" value="IDE/1" />
    <property name="java.vm.name" value="Java HotSpot(TM) Client VM" />
    <property name="netbeans.user" value="C:\Documents and Settings\brant.REDE\.netbeans\6.5" />
    <property name="javadoc.additionalparam" value="" />
    <property name="libs.ricoh-ant-utils.classpath" value="C:\Arquivos de programas\NetBeans 6.5\mobility8\modules\ext\org-netbeans-modules-j2me-cdc-project-ricoh.jar;C:\Arquivos de programas\NetBeans 6.5\mobility8\modules\ext\RicohAntTasks-2.0.jar;C:\Arquivos de programas\NetBeans 6.5\mobility8\modules\ext\commons-httpclient-3.0.jar;C:\Arquivos de programas\NetBeans 6.5\ide10\modules\ext\commons-logging-1.1.jar;C:\Arquivos de programas\NetBeans 6.5\mobility8\modules\ext\commons-codec-1.3.jar" />
    <property name="java.io.tmpdir" value="C:\DOCUME~1\BRANT~1.RED\CONFIG~1\Temp\" />
    <property name="java.vendor.url" value="http://java.sun.com/" />
    <property name="libs.prototype.scriptpath" value="C:\Arquivos de programas\NetBeans 6.5\webcommon1\modules\ext\javascript\prototype-1.6.0.2.zip" />
    <property name="jspc.classpath" value="C:\Arquivos de programas\NetBeans 6.5\java2\ant\lib\ant.jar:C:\Arquivos de programas\NetBeans 6.5\enterprise5\modules\ext\servlet2.5-jsp2.1-api.jar:${j2ee.platform.classpath}:C:\Arquivos de programas\NetBeans 6.5\enterprise5\modules\ext\glassfish-jspparser-2.0.jar:C:\Arquivos de programas\NetBeans 6.5\enterprise5\modules\ext\glassfish-logging-2.0.jar:C:\Arquivos de programas\NetBeans 6.5\ide10\modules\ext\commons-logging-1.1.jar:C:\Arquivos de programas\NetBeans 6.5\java2\ant\lib\ant-launcher.jar" />
    <property name="libs.jsf-extensions.src" value="" />
    <property name="have.sources" value="true" />
    <property name="sun.boot.library.path" value="C:\Arquivos de programas\Java\jdk1.6.0_02\jre\bin" />
    <property name="libs.woodstock-theme-default.runtime" value="C:\Arquivos de programas\NetBeans 6.5\visualweb2\modules\ext\webui-jsf-suntheme.jar" />
    <property name="debug.classpath" value="C:\Arquivos de programas\BrOffice.org 3\URE\java\juh.jar;C:\Arquivos de programas\BrOffice.org 3\URE\java\jurt.jar;C:\Arquivos de programas\BrOffice.org 3\URE\java\ridl.jar;C:\Arquivos de programas\BrOffice.org 3\Basis\program\classes\unoil.jar:build/classes" />
    <property name="javadoc.private" value="false" />
    <property name="test.src.dir" value="test" />
    <property name="libs.bdj-ant-utils.javadoc" value="" />
    <property name="meta.inf.dir" value="src/META-INF" />
    <property name="libs.Comet-GlassFish-V3.javadoc" value="" />
    <property name="javadoc.encoding.used" value="Cp1252" />
    <property name="libs.DataBindingME-SVG.src" value="" />
    <property name="dist.jar" value="dist/Macro_03.jar" />
    <property name="ant.file.Macro_03-impl" value="C:\brant\UltimoTeste\nb\ooo\Macro_03\nbproject\build-impl.xml" />
    <property name="java.runtime.name" value="Java(TM) SE Runtime Environment" />
    <property name="ant.project.name" value="Macro3" />
    <property name="libs.jdbcsupport-designtime.javadoc" value="" />
    <property name="sun.cpu.isalist" value="" />
    <property name="libs.j2me_ant_ext.maven-pom" value="" />
    <property name="libs.CopyLibs.javadoc" value="" />
    <property name="org.openide.specification.version" value="6.2" />
    <property name="libs.ActiveSync.javadoc" value="" />
    <property name="libs.DataBindingME-PIM.classpath" value="C:\Arquivos de programas\NetBeans 6.5\mobility8\modules\ext\netbeans_databindingme_pim.jar" />
    <property name="libs.hibernate-support.classpath" value="C:\Arquivos de programas\NetBeans 6.5\java2\modules\ext\hibernate\antlr-2.7.6.jar;C:\Arquivos de programas\NetBeans 6.5\java2\modules\ext\hibernate\asm.jar;C:\Arquivos de programas\NetBeans 6.5\java2\modules\ext\hibernate\asm-attrs.jar;C:\Arquivos de programas\NetBeans 6.5\java2\modules\ext\hibernate\cglib-2.1.3.jar;C:\Arquivos de programas\NetBeans 6.5\java2\modules\ext\hibernate\commons-collections-2.1.1.jar;C:\Arquivos de programas\NetBeans 6.5\ide10\modules\ext\commons-logging-1.1.jar;C:\Arquivos de programas\NetBeans 6.5\java2\modules\ext\hibernate\dom4j-1.6.1.jar;C:\Arquivos de programas\NetBeans 6.5\java2\modules\ext\hibernate\ehcache-1.2.3.jar;C:\Arquivos de programas\NetBeans 6.5\java2\modules\ext\hibernate\jdbc2_0-stdext.jar;C:\Arquivos de programas\NetBeans 6.5\java2\modules\ext\hibernate\jta.jar;C:\Arquivos de programas\NetBeans 6.5\java2\modules\ext\hibernate\hibernate3.jar;C:\Arquivos de programas\NetBeans 6.5\java2\modules\ext\hibernate\hibernate-tools.jar;C:\Arquivos de programas\NetBeans 6.5\java2\modules\ext\hibernate\hibernate-annotations.jar;C:\Arquivos de programas\NetBeans 6.5\java2\modules\ext\hibernate\hibernate-commons-annotations.jar;C:\Arquivos de programas\NetBeans 6.5\java2\modules\ext\hibernate\hibernate-entitymanager.jar;C:\Arquivos de programas\NetBeans 6.5\java2\modules\ext\hibernate\javassist.jar" />
    <property name="libs.exceptionhandler-runtime.classpath" value="C:\Arquivos de programas\NetBeans 6.5\visualweb2\modules\ext\errorhandler.jar" />
    <property name="user.home" value="C:\Documents and Settings\brant.REDE" />
    <property name="debug-args-line" value="-Xdebug" />
    <property name="libs.NetBeans MIDP Components.classpath" value="C:\Arquivos de programas\NetBeans 6.5\mobility8\modules\ext\netbeans_midp_components_basic.jar" />
    <property name="libs.JWSAntTasks.src" value="" />
    <property name="libs.CopyLibs.maven-pom" value="" />
    <property name="libs.hibernate-persistence.maven-pom" value="" />
    <property name="libs.absolutelayout.javadoc" value="" />
    <property name="java.specification.name" value="Java Platform API Specification" />
    <property name="libs.webui.classpath" value="C:\Arquivos de programas\NetBeans 6.5\visualweb2\modules\ext\webui.jar;C:\Arquivos de programas\NetBeans 6.5\enterprise5\modules\ext\commons-fileupload-1.0.jar" />
    <property name="libs.swing-app-framework.maven-pom" value="" />
    <property name="libs.NetBeans MIDP Components WMA.classpath" value="C:\Arquivos de programas\NetBeans 6.5\mobility8\modules\ext\netbeans_midp_components_wma.jar" />
    <property name="libs.jakarta_slide_ant_webdav.maven-pom" value="" />
    <property name="libs.yahooui.scriptpath" value="C:\Arquivos de programas\NetBeans 6.5\webcommon1\modules\ext\javascript\yui-2.5.2.zip" />
    <property name="libs.EclipseLink-GlassFish-V3.javadoc" value="C:\Arquivos de programas\NetBeans 6.5\enterprise5\docs\javaee5-doc-api.zip" />
    <property name="libs.woodstock-components.classpath" value="C:\Arquivos de programas\NetBeans 6.5\visualweb2\modules\ext\webui-jsf.jar;C:\Arquivos de programas\NetBeans 6.5\enterprise5\modules\ext\commons-fileupload-1.0.jar;C:\Arquivos de programas\NetBeans 6.5\visualweb2\modules\ext\json-2.jar;C:\Arquivos de programas\NetBeans 6.5\visualweb2\modules\ext\jsf-extensions-common-0.1.jar;C:\Arquivos de programas\NetBeans 6.5\visualweb2\modules\ext\jsf-extensions-dynamic-faces-0.1.jar" />
    <property name="libs.BrOffice.org 2.4.classpath" value="C:\Arquivos de programas\BrOffice.org 2.4\program\classes\juh.jar;C:\Arquivos de programas\BrOffice.org 2.4\program\classes\jurt.jar;C:\Arquivos de programas\BrOffice.org 2.4\program\classes\ridl.jar;C:\Arquivos de programas\BrOffice.org 2.4\program\classes\jut.jar;C:\Arquivos de programas\BrOffice.org 2.4\program\classes\unoil.jar" />
    <property name="libs.sjmc-ant-utils.src" value="" />
    <property name="libs.jsf-extensions.classpath" value="C:\Arquivos de programas\NetBeans 6.5\visualweb2\modules\ext\jsf-extensions-dynamic-faces-0.1.jar;C:\Arquivos de programas\NetBeans 6.5\visualweb2\modules\ext\jsf-extensions-common-0.1.jar;C:\Arquivos de programas\NetBeans 6.5\enterprise5\modules\ext\jsf-1_2\commons-logging.jar;C:\Arquivos de programas\NetBeans 6.5\enterprise5\modules\ext\shale-remoting-1.0.4.jar" />
    <property name="libs.jsf-extensions.javadoc" value="" />
    <property name="libs.jdbcsupport-designtime.src" value="" />
    <property name="java.specification.vendor" value="Sun Microsystems Inc." />
    <property name="libs.cdc-agui-swing-layout.javadoc" value="" />
    <property name="libs.javac-api.classpath" value="C:\Arquivos de programas\NetBeans 6.5\java2\modules\ext\javac-api-nb-7.0-b07.jar" />
    <property name="java.version" value="1.6.0_02" />
    <property name="libs.nokiaS80-ant-utils.classpath" value="C:\Arquivos de programas\NetBeans 6.5\mobility8\modules\ext\org-netbeans-modules-j2me-cdc-project-nokiaS80.jar" />
    <property name="javadoc.version" value="false" />
    <property name="libs.NetBeans MIDP Components WMA.javadoc" value="C:\Arquivos de programas\NetBeans 6.5\mobility8\modules\docs\netbeans_midp_components_wma-api.zip" />
    <property name="libs.MySQLDriver.javadoc" value="" />
    <property name="org.openide.version" value="deprecated" />
    <property name="source.encoding" value="Cp1252" />
    <property name="libs.ActiveSync.maven-pom" value="" />
    <property name="rubyplatform.Ruby.ruby_patchlevel" value="0" />
    <property name="libs.junit.maven-pom" value="" />
    <property name="libs.jsf12-support.src" value="C:\Arquivos de programas\NetBeans 6.5\visualweb2\docs\appbase-src.zip;C:\Arquivos de programas\NetBeans 6.5\visualweb2\docs\dataprovider-src.zip;C:\Arquivos de programas\NetBeans 6.5\visualweb2\docs\jsfcl-src.zip" />
    <property name="libs.struts.maven-pom" value="" />
    <property name="netbeans.home+have.tests" value="true" />
    <property name="rubyplatform.Ruby.ruby_version" value="1.8.6" />
    <property name="libs.jaxb.src" value="" />
    <property name="libs.IdentityAntTasks.maven-pom" value="" />
    <property name="libs.cdc-ant-utils.src" value="" />
    <property name="work.dir" value="C:\brant\UltimoTeste\nb\ooo\Macro_03" />
    <property name="libs.jaxb.classpath" value="C:\Arquivos de programas\NetBeans 6.5\ide10\modules\ext\jaxb\activation.jar;C:\Arquivos de programas\NetBeans 6.5\ide10\modules\ext\jaxb\api\jaxb-api.jar;C:\Arquivos de programas\NetBeans 6.5\ide10\modules\ext\jaxb\jaxb-impl.jar;C:\Arquivos de programas\NetBeans 6.5\ide10\modules\ext\jaxb\jaxb-xjc.jar;C:\Arquivos de programas\NetBeans 6.5\ide10\modules\ext\jaxb\api\jsr173_api.jar" />
    <property name="php.global.include.path" value="" />
    <property name="office.program.dir" value="C:\Arquivos de programas\BrOffice.org 3/program" />
    <property name="do.depend" value="false" />
    <property name="dist.javadoc.dir" value="dist/javadoc" />
    <property name="libs.swing-layout.classpath" value="C:\Arquivos de programas\NetBeans 6.5\platform9\modules\ext\swing-layout-1.0.3.jar" />
    <property name="libs.restlib.src" value="" />
    <property name="javac.source" value="1.5" />
    <property name="build.generated.dir" value="build/generated" />
    <property name="libs.BrOffice.org 2.4.javadoc" value="C:\ooSdk\docs\common\ref;C:\ooSdk\docs\java\ref" />
    <property name="rubyplatform.Ruby.ruby_platform" value="i386-mswin32" />
    <property name="line.separator" value="
" />
    <property name="libs.hibernate-persistence.src" value="" />
    <property name="libs.proguard.src" value="" />
    <property name="libs.nb_svg_midp_components.javadoc" value="C:\Arquivos de programas\NetBeans 6.5\mobility8\modules\docs\nb_svg_midp_components-api.zip" />
    <property name="java.specification.version" value="1.6" />
    <property name="libs.jaxws21.maven-pom" value="" />
    <property name="java.vm.info" value="mixed mode" />
    <property name="libs.cdc-ant-utils.javadoc" value="" />
    <property name="uno.project.type" value="office.simple.client.project" />
    <property name="libs.jsf12-support.classpath" value="C:\Arquivos de programas\NetBeans 6.5\visualweb2\modules\ext\jsfcl.jar;C:\Arquivos de programas\NetBeans 6.5\visualweb2\modules\ext\appbase.jar;C:\Arquivos de programas\NetBeans 6.5\visualweb2\modules\ext\dataprovider.jar;C:\Arquivos de programas\NetBeans 6.5\visualweb2\modules\ext\sqlx.jar" />
    <property name="libs.spring-framework.maven-pom" value="" />
    <property name="sun.boot.class.path" value="C:\Arquivos de programas\Java\jdk1.6.0_02\jre\lib\resources.jar;C:\Arquivos de programas\Java\jdk1.6.0_02\jre\lib\rt.jar;C:\Arquivos de programas\Java\jdk1.6.0_02\jre\lib\sunrsasign.jar;C:\Arquivos de programas\Java\jdk1.6.0_02\jre\lib\jsse.jar;C:\Arquivos de programas\Java\jdk1.6.0_02\jre\lib\jce.jar;C:\Arquivos de programas\Java\jdk1.6.0_02\jre\lib\charsets.jar;C:\Arquivos de programas\Java\jdk1.6.0_02\jre\classes" />
    <property name="javac.target" value="1.5" />
    <property name="libs.woodstock-components.javadoc" value="C:\Arquivos de programas\NetBeans 6.5\visualweb2\docs\webui-jsf-doc.zip;C:\Arquivos de programas\NetBeans 6.5\visualweb2\docs\webui-jsf-tld.zip" />
    <property name="build.test.classes.dir" value="build/test/classes" />
    <property name="src.dir" value="src" />
    <property name="libs.IdentityAntTasks.javadoc" value="" />
    <property name="sun.awt.keepWorkingSetOnMinimize" value="true" />
    <property name="libs.proguard.maven-pom" value="" />
    <property name="libs.DataBindingME-SVG.maven-pom" value="" />
    <property name="libs.jsf12.src" value="" />
    <property name="libs.nokiadeployment.src" value="" />
    <property name="libs.savaje-ant-utils.javadoc" value="" />
    <property name="libs.JAVADB_DRIVER_LABEL.maven-pom" value="" />
    <property name="nbplatform.default.netbeans.dest.dir" value="C:\Arquivos de programas\NetBeans 6.5" />
    <property name="libs.struts.javadoc" value="C:\Arquivos de programas\NetBeans 6.5\enterprise5\docs\struts-1.2.9-javadoc.zip" />
    <property name="platforms.Sun_Java_TM__Wireless_Toolkit_2_5_2_for_CLDC.debugcommandline" value="" />
    <property name="libs.cdc-ant-utils.maven-pom" value="" />
    <property name="jspctask.classpath" value="C:\Arquivos de programas\NetBeans 6.5\enterprise5\ant\extra\jspcompile.jar" />
    <property name="libs.cdc-agui-swing-layout.classpath" value="C:\Arquivos de programas\NetBeans 6.5\mobility8\modules\ext\cdc-agui-swing-layout.jar" />
    <property name="libs.webui-designtime.classpath" value="C:\Arquivos de programas\NetBeans 6.5\visualweb2\modules\ext\webui.jar;C:\Arquivos de programas\NetBeans 6.5\enterprise5\modules\ext\commons-fileupload-1.0.jar" />
    <property name="dist.dir" value="dist" />
    <property name="libs.groovy-all.javadoc" value="" />
    <property name="http.proxyPort" value="443" />
    <property name="libs.groovy-all.classpath" value="C:\Arquivos de programas\NetBeans 6.5\groovy1\modules\ext\groovy-all.jar" />
    <property name="libs.EclipseLink-GlassFish-V3.maven-pom" value="" />
    <property name="libs.sjmc-ant-utils.classpath" value="C:\Arquivos de programas\NetBeans 6.5\mobility8\modules\ext\org-netbeans-modules-j2me-cdc-project-sjmc.jar" />
    <property name="libs.JMUnit4CLDC10.classpath" value="C:\Arquivos de programas\NetBeans 6.5\mobility8\modules\ext\jmunit4cldc10-1.2.1.jar" />
    <property name="java.awt.printerjob" value="sun.awt.windows.WPrinterJob" />
    <property name="default.javac.source" value="1.6" />
    <property name="debug-transport-by-os" value="dt_shmem" />
    <property name="javac.compilerargs.jaxws" value="" />
    <property name="sun.jnu.encoding" value="Cp1252" />
    <property name="libs.MySQLDriver.src" value="" />
    <property name="libs.ant-contrib.maven-pom" value="" />
    <property name="libs.nokiadeployment.javadoc" value="" />
    <property name="libs.woodstock-components.src" value="C:\Arquivos de programas\NetBeans 6.5\visualweb2\docs\webui-jsf-src.zip" />
    <property name="java.runtime.version" value="1.6.0_02-b05" />
    <property name="build.test.results.dir" value="build/test/results" />
    <property name="libs.ejb3-persistence.javadoc" value="" />
    <property name="libs.NetBeans MIDP Components.src" value="C:\Arquivos de programas\NetBeans 6.5\mobility8\sources\netbeans_midp_components_basic-src.zip" />
    <property name="manifest.available+main.class+mkdist.available" value="true" />
    <property name="libs.sjmc-ant-utils.javadoc" value="" />
    <property name="default.javac.target" value="1.6" />
    <property name="libs.EclipseLink-GlassFish-V3.src" value="" />
    <property name="libs.junit_4.classpath" value="C:\Arquivos de programas\NetBeans 6.5\platform9\modules\ext\junit-4.5.jar" />
    <property name="user.timezone" value="" />
    <property name="libs.jsfsupport-designtime.src" value="C:\Arquivos de programas\NetBeans 6.5\visualweb2\docs\appbase-src.zip;C:\Arquivos de programas\NetBeans 6.5\visualweb2\docs\dataprovider-src.zip;C:\Arquivos de programas\NetBeans 6.5\visualweb2\docs\jsfcl-src.zip" />
    <property name="socksProxyHost" value="proxy" />
    <property name="libs.JAVADB_DRIVER_LABEL.javadoc" value="" />
    <property name="libs.ant-contrib.src" value="" />
    <property name="netbeans.dirs" value="C:\Arquivos de programas\NetBeans 6.5\nb6.5;C:\Arquivos de programas\NetBeans 6.5\ide10;C:\Arquivos de programas\NetBeans 6.5\java2;C:\Arquivos de programas\NetBeans 6.5\xml2;C:\Arquivos de programas\NetBeans 6.5\apisupport1;C:\Arquivos de programas\NetBeans 6.5\webcommon1;C:\Arquivos de programas\NetBeans 6.5\websvccommon1;C:\Arquivos de programas\NetBeans 6.5\enterprise5;C:\Arquivos de programas\NetBeans 6.5\mobility8;C:\Arquivos de programas\NetBeans 6.5\profiler3;C:\Arquivos de programas\NetBeans 6.5\gsf1;C:\Arquivos de programas\NetBeans 6.5\ruby2;C:\Arquivos de programas\NetBeans 6.5\php1;C:\Arquivos de programas\NetBeans 6.5\visualweb2;C:\Arquivos de programas\NetBeans 6.5\soa2;C:\Arquivos de programas\NetBeans 6.5\identity2;C:\Arquivos de programas\NetBeans 6.5\harness;C:\Arquivos de programas\NetBeans 6.5\cnd2;C:\Arquivos de programas\NetBeans 6.5\groovy1" />
    <property name="libs.exceptionhandler-runtime.src" value="" />
    <property name="java.ext.dirs" value="C:\Arquivos de programas\Java\jdk1.6.0_02\jre\lib\ext;C:\WINDOWS\Sun\Java\lib\ext" />
    <property name="libs.savaje-ant-utils.maven-pom" value="" />
    <property name="libs.semc-ant-utils.src" value="" />
    <property name="libs.absolutelayout.classpath" value="C:\Arquivos de programas\NetBeans 6.5\java2\modules\ext\AbsoluteLayout.jar" />
    <property name="excludes" value="" />
    <property name="libs.restlib.maven-pom" value="" />
    <property name="platforms.JDK_1.6.bootclasspath" value="C:\Arquivos de programas\Java\jdk1.6.0_02\jre\lib\resources.jar;C:\Arquivos de programas\Java\jdk1.6.0_02\jre\lib\rt.jar;C:\Arquivos de programas\Java\jdk1.6.0_02\jre\lib\sunrsasign.jar;C:\Arquivos de programas\Java\jdk1.6.0_02\jre\lib\jsse.jar;C:\Arquivos de programas\Java\jdk1.6.0_02\jre\lib\jce.jar;C:\Arquivos de programas\Java\jdk1.6.0_02\jre\lib\charsets.jar;C:\Arquivos de programas\Java\jdk1.6.0_02\jre\classes;C:\Arquivos de programas\Java\jdk1.6.0_02\jre\lib\ext\dnsns.jar;C:\Arquivos de programas\Java\jdk1.6.0_02\jre\lib\ext\localedata.jar;C:\Arquivos de programas\Java\jdk1.6.0_02\jre\lib\ext\sunjce_provider.jar;C:\Arquivos de programas\Java\jdk1.6.0_02\jre\lib\ext\sunmscapi.jar;C:\Arquivos de programas\Java\jdk1.6.0_02\jre\lib\ext\sunpkcs11.jar" />
    <property name="libs.DataBindingME.javadoc" value="C:\Arquivos de programas\NetBeans 6.5\mobility8\modules\docs\netbeans_databindingme-api.zip" />
    <property name="sdk.os.dir" value="windows" />
    <property name="apple.laf.useScreenMenuBar" value="true" />
    <property name="java.class.path" value="C:\Arquivos de programas\BrOffice.org 3\URE\java\juh.jar;C:\Arquivos de programas\BrOffice.org 3\URE\java\jurt.jar;C:\Arquivos de programas\BrOffice.org 3\URE\java\ridl.jar;C:\Arquivos de programas\BrOffice.org 3\Basis\program\classes\unoil.jar;C:\brant\UltimoTeste\nb\ooo\Macro_03\build\classes;C:\Arquivos de programas\NetBeans 6.5\platform9\modules\ext\junit-4.5.jar;C:\brant\UltimoTeste\nb\ooo\Macro_03\build\test\classes;C:\Arquivos de programas\NetBeans 6.5\java2\ant\lib\ant-launcher.jar;C:\Arquivos de programas\NetBeans 6.5\java2\ant\lib\ant.jar;C:\Arquivos de programas\NetBeans 6.5\java2\ant\patches\72080.jar" />
    <property name="libs.webui-designtime.javadoc" value="C:\Arquivos de programas\NetBeans 6.5\visualweb2\docs\webui-doc.zip" />
    <property name="libs.absolutelayout.src" value="" />
    <property name="libs.cdc-pp-awt-layout.maven-pom" value="" />
    <property name="os.version" value="5.1" />
    <property name="application.args" value="" />
    <property name="libs.JMUnit4CLDC11.maven-pom" value="" />
    <property name="libs.toplink.javadoc" value="C:\Arquivos de programas\NetBeans 6.5\enterprise5\docs\javaee5-doc-api.zip" />
    <property name="sun.desktop" value="windows" />
    <property name="libs.nb_svg_midp_components.maven-pom" value="" />
    <property name="libs.ricoh-ant-utils.javadoc" value="" />
    <property name="libs.NetBeans MIDP Components PDA.maven-pom" value="" />
    <property name="libs.restlib.javadoc" value="C:\Arquivos de programas\NetBeans 6.5\enterprise5\docs\jersey-api-doc.zip" />
    <property name="libs.BrOffice.org 3.0.classpath" value="C:\Arquivos de programas\BrOffice.org 3\URE\java\juh.jar;C:\Arquivos de programas\BrOffice.org 3\URE\java\jurt.jar;C:\Arquivos de programas\BrOffice.org 3\URE\java\ridl.jar;C:\Arquivos de programas\BrOffice.org 3\Basis\program\classes\unoil.jar" />
    <property name="libs.beans-binding.javadoc" value="C:\Arquivos de programas\NetBeans 6.5\java2\docs\beansbinding-1.2.1-doc.zip" />
    <property name="rave.version" value="2.0.0" />
    <property name="java.awt.graphicsenv" value="sun.awt.Win32GraphicsEnvironment" />
    <property name="java.vm.vendor" value="Sun Microsystems Inc." />
    <property name="libs.CopyLibs.classpath" value="C:\Arquivos de programas\NetBeans 6.5\java2\ant\extra\org-netbeans-modules-java-j2seproject-copylibstask.jar" />
    <property name="rubyplatform.Ruby.gem_version" value="1.1.1" />
    <property name="libs.spring-webmvc.maven-pom" value="" />
    <property name="jaxws.endorsed.dir" value="C:\Arquivos de programas\NetBeans 6.5\java2\modules\ext\jaxws21\api:C:\Arquivos de programas\NetBeans 6.5\ide10\modules\ext\jaxb\api" />
    <property name="run.jvmargs" value="" />
    <property name="libs.ejb3-persistence.classpath" value="C:\Arquivos de programas\NetBeans 6.5\java2\modules\ext\hibernate\ejb3-persistence.jar" />
    <property name="libs.spring-framework.javadoc" value="" />
    <property name="libs.DataBindingME-PIM.src" value="" />
    <property name="libs.jquery.scriptpath" value="C:\Arquivos de programas\NetBeans 6.5\webcommon1\modules\ext\javascript\jquery-1.2.6.zip" />
    <property name="libs.bdj-ant-utils.maven-pom" value="" />
    <property name="libs.PostgreSQLDriver.classpath" value="C:\Arquivos de programas\NetBeans 6.5\ide10\modules\ext\postgresql-8.3-603.jdbc3.jar" />
    <property name="libs.jsf12.maven-pom" value="" />
    <property name="rubyplatform.Ruby.gem_path" value="C:/ruby/lib/ruby/gems/1.8" />
    <property name="libs.junit.src" value="" />
    <property name="main.class" value="com.sun.star.lib.loader.Loader" />
    <property name="libs.CopyLibs.src" value="" />
    <property name="build.dir" value="build" />
    <property name="ant.version" value="Apache Ant version 1.7.1 compiled on June 27 2008" />
    <property name="oo.sdk.dir" value="C:\Arquivos de programas\BrOffice.org 3\Basis\sdk" />
    <property name="file.encoding" value="Cp1252" />
    <property name="build.classes.excludes" value="**/*.java,**/*.form" />
    <property name="javadoc.nonavbar" value="false" />
    <property name="platform.active" value="default_platform" />
    <property name="https.proxyHost" value="proxy" />
    <property name="awt.toolkit" value="sun.awt.windows.WToolkit" />
    <property name="libs.BrOffice.org 2.3.classpath" value="C:\Arquivos de programas\BrOffice.org 2.3\program\classes\juh.jar;C:\Arquivos de programas\BrOffice.org 2.3\program\classes\jurt.jar;C:\Arquivos de programas\BrOffice.org 2.3\program\classes\ridl.jar;C:\Arquivos de programas\BrOffice.org 2.3\program\classes\jut.jar;C:\Arquivos de programas\BrOffice.org 2.3\program\classes\unoil.jar" />
  </properties>
  <testcase classname="com.example.Macro3Test" name="testMacro3" time="0.015">
    <error message="no unowinreg in java.library.path" type="java.lang.UnsatisfiedLinkError">java.lang.UnsatisfiedLinkError: no unowinreg in java.library.path
	at java.lang.ClassLoader.loadLibrary(ClassLoader.java:1682)
	at java.lang.Runtime.loadLibrary0(Runtime.java:823)
	at java.lang.System.loadLibrary(System.java:1030)
	at com.sun.star.lib.loader.WinRegKey.&lt;clinit&gt;(WinRegKey.java:93)
	at com.sun.star.lib.loader.InstallationFinder.getPathFromWindowsRegistry(InstallationFinder.java:207)
	at com.sun.star.lib.loader.InstallationFinder.getPath(InstallationFinder.java:115)
	at com.sun.star.lib.loader.Loader.getCustomLoader(Loader.java:180)
	at com.example.Macro3Test.testMacro3(Macro3Test.java:35)
</error>
  </testcase>
  <system-out><![CDATA[]]></system-out>
  <system-err><![CDATA[]]></system-err>
</testsuite>
